-------------------------------------------------------------------------------
Test set: org.csovessoft.contabil.AppTest
-------------------------------------------------------------------------------
Tests run: 1, Failures: 0, Errors: 1, Skipped: 0, Time elapsed: 1.109 sec <<< FAILURE!
testApp(org.csovessoft.contabil.AppTest)  Time elapsed: 1.062 sec  <<< ERROR!
com.sun.xml.ws.protocol.soap.MessageCreationException: Couldn't create SOAP message due to exception: XML reader error: javax.xml.stream.XMLStreamException: ParseError at [row,col]:[1,94]
Message: XML document structures must start and end within the same entity.
	at com.sun.xml.ws.encoding.SOAPBindingCodec.decode(SOAPBindingCodec.java:292)
	at com.sun.xml.ws.transport.http.client.HttpTransportPipe.process(HttpTransportPipe.java:171)
	at com.sun.xml.ws.transport.http.client.HttpTransportPipe.processRequest(HttpTransportPipe.java:86)
	at com.sun.xml.ws.api.pipe.Fiber.__doRun(Fiber.java:595)
	at com.sun.xml.ws.api.pipe.Fiber._doRun(Fiber.java:554)
	at com.sun.xml.ws.api.pipe.Fiber.doRun(Fiber.java:539)
	at com.sun.xml.ws.api.pipe.Fiber.runSync(Fiber.java:436)
	at com.sun.xml.ws.client.Stub.process(Stub.java:248)
	at com.sun.xml.ws.client.sei.SEIStub.doProcess(SEIStub.java:135)
	at com.sun.xml.ws.client.sei.SyncMethodHandler.invoke(SyncMethodHandler.java:109)
	at com.sun.xml.ws.client.sei.SyncMethodHandler.invoke(SyncMethodHandler.java:89)
	at com.sun.xml.ws.client.sei.SEIStub.invoke(SEIStub.java:118)
	at $Proxy29.testMethod(Unknown Source)
	at org.csovessoft.contabil.AppTest.testApp(AppTest.java:37)
Caused by: com.sun.xml.ws.streaming.XMLStreamReaderException: XML reader error: javax.xml.stream.XMLStreamException: ParseError at [row,col]:[1,94]
Message: XML document structures must start and end within the same entity.
	at com.sun.xml.ws.streaming.XMLStreamReaderUtil.wrapException(XMLStreamReaderUtil.java:267)
	at com.sun.xml.ws.streaming.XMLStreamReaderUtil.next(XMLStreamReaderUtil.java:95)
	at com.sun.xml.ws.streaming.XMLStreamReaderUtil.nextContent(XMLStreamReaderUtil.java:110)
	at com.sun.xml.ws.streaming.XMLStreamReaderUtil.nextElementContent(XMLStreamReaderUtil.java:100)
	at com.sun.xml.ws.encoding.StreamSOAPCodec.decode(StreamSOAPCodec.java:187)
	at com.sun.xml.ws.encoding.StreamSOAPCodec.decode(StreamSOAPCodec.java:296)
	at com.sun.xml.ws.encoding.StreamSOAPCodec.decode(StreamSOAPCodec.java:128)
	at com.sun.xml.ws.encoding.SOAPBindingCodec.decode(SOAPBindingCodec.java:287)
	... 39 more
Caused by: javax.xml.stream.XMLStreamException: ParseError at [row,col]:[1,94]
Message: XML document structures must start and end within the same entity.
	at com.sun.xml.stream.XMLReaderImpl.next(XMLReaderImpl.java:571)
	at com.sun.xml.ws.util.xml.XMLStreamReaderFilter.next(XMLStreamReaderFilter.java:92)
	at com.sun.xml.ws.streaming.XMLStreamReaderUtil.next(XMLStreamReaderUtil.java:76)
	... 45 more

